<?xml version="1.0" encoding="UTF-8"?>
<testsuite name="Borde.Funka.TestCase" time="0.447" tests="31" errors="0" skipped="0" failures="0">
  <properties>
    <property name="java.runtime.name" value="Java(TM) SE Runtime Environment"/>
    <property name="sun.boot.library.path" value="C:\Program Files\Java\jdk1.8.0_181\jre\bin"/>
    <property name="java.vm.version" value="25.181-b13"/>
    <property name="java.vm.vendor" value="Oracle Corporation"/>
    <property name="maven.multiModuleProjectDirectory" value="C:\Users\mhenn\workspace\Calculator-MikaelH"/>
    <property name="java.vendor.url" value="http://java.oracle.com/"/>
    <property name="path.separator" value=";"/>
    <property name="guice.disable.misplaced.annotation.check" value="true"/>
    <property name="java.vm.name" value="Java HotSpot(TM) 64-Bit Server VM"/>
    <property name="file.encoding.pkg" value="sun.io"/>
    <property name="user.script" value=""/>
    <property name="user.country" value="SE"/>
    <property name="sun.java.launcher" value="SUN_STANDARD"/>
    <property name="sun.os.patch.level" value=""/>
    <property name="java.vm.specification.name" value="Java Virtual Machine Specification"/>
    <property name="user.dir" value="C:\Users\mhenn\workspace\Calculator-MikaelH"/>
    <property name="java.runtime.version" value="1.8.0_181-b13"/>
    <property name="java.awt.graphicsenv" value="sun.awt.Win32GraphicsEnvironment"/>
    <property name="java.endorsed.dirs" value="C:\Program Files\Java\jdk1.8.0_181\jre\lib\endorsed"/>
    <property name="os.arch" value="amd64"/>
    <property name="java.io.tmpdir" value="C:\Users\mhenn\AppData\Local\Temp\"/>
    <property name="line.separator" value="&#10;"/>
    <property name="java.vm.specification.vendor" value="Oracle Corporation"/>
    <property name="user.variant" value=""/>
    <property name="os.name" value="Windows 10"/>
    <property name="classworlds.conf" value="C:\Users\mhenn\workspace\.metadata\.plugins\org.eclipse.m2e.launching\launches\m2conf4724941421603421992.tmp"/>
    <property name="sun.jnu.encoding" value="Cp1252"/>
    <property name="java.library.path" value="C:\Program Files\Java\jdk1.8.0_181\bin;C:\WINDOWS\Sun\Java\bin;C:\WINDOWS\system32;C:\WINDOWS;C:/Program Files/Java/jre1.8.0_191/bin/server;C:/Program Files/Java/jre1.8.0_191/bin;C:/Program Files/Java/jre1.8.0_191/lib/amd64;C:\Program Files (x86)\Intel\Intel(R) Management Engine Components\iCLS\;C:\Program Files\Intel\Intel(R) Management Engine Components\iCLS\;C:\Program Files (x86)\Common Files\Oracle\Java\javapath;C:\WINDOWS\system32;C:\WINDOWS;C:\WINDOWS\System32\Wbem;C:\WINDOWS\System32\WindowsPowerShell\v1.0\;C:\WINDOWS\System32\OpenSSH\;C:\Program Files\Git\cmd;C:\Program Files (x86)\Intel\Intel(R) Management Engine Components\DAL;C:\Program Files\Intel\Intel(R) Management Engine Components\DAL;C:\Program Files (x86)\Intel\Intel(R) Management Engine Components\IPT;C:\Program Files\Intel\Intel(R) Management Engine Components\IPT;C:\Users\mhenn\AppData\Local\Microsoft\WindowsApps;;C:\Users\mhenn\Desktop\eclipse;;."/>
    <property name="java.specification.name" value="Java Platform API Specification"/>
    <property name="java.class.version" value="52.0"/>
    <property name="sun.management.compiler" value="HotSpot 64-Bit Tiered Compilers"/>
    <property name="os.version" value="10.0"/>
    <property name="user.home" value="C:\Users\mhenn"/>
    <property name="user.timezone" value="Europe/Berlin"/>
    <property name="java.awt.printerjob" value="sun.awt.windows.WPrinterJob"/>
    <property name="java.specification.version" value="1.8"/>
    <property name="file.encoding" value="Cp1252"/>
    <property name="user.name" value="mhenn"/>
    <property name="java.class.path" value="/C:/Users/mhenn/Desktop/eclipse/plugins/org.eclipse.m2e.maven.runtime_1.6.2.20150902-0001/jars/plexus-classworlds-2.5.2.jar"/>
    <property name="java.vm.specification.version" value="1.8"/>
    <property name="sun.arch.data.model" value="64"/>
    <property name="java.home" value="C:\Program Files\Java\jdk1.8.0_181\jre"/>
    <property name="sun.java.command" value="org.codehaus.plexus.classworlds.launcher.Launcher -B test"/>
    <property name="java.specification.vendor" value="Oracle Corporation"/>
    <property name="user.language" value="sv"/>
    <property name="awt.toolkit" value="sun.awt.windows.WToolkit"/>
    <property name="java.vm.info" value="mixed mode"/>
    <property name="java.version" value="1.8.0_181"/>
    <property name="java.ext.dirs" value="C:\Program Files\Java\jdk1.8.0_181\jre\lib\ext;C:\WINDOWS\Sun\Java\lib\ext"/>
    <property name="sun.boot.class.path" value="C:\Program Files\Java\jdk1.8.0_181\jre\lib\resources.jar;C:\Program Files\Java\jdk1.8.0_181\jre\lib\rt.jar;C:\Program Files\Java\jdk1.8.0_181\jre\lib\sunrsasign.jar;C:\Program Files\Java\jdk1.8.0_181\jre\lib\jsse.jar;C:\Program Files\Java\jdk1.8.0_181\jre\lib\jce.jar;C:\Program Files\Java\jdk1.8.0_181\jre\lib\charsets.jar;C:\Program Files\Java\jdk1.8.0_181\jre\lib\jfr.jar;C:\Program Files\Java\jdk1.8.0_181\jre\classes"/>
    <property name="java.vendor" value="Oracle Corporation"/>
    <property name="maven.home" value="C:\Users\mhenn\workspace\Calculator-MikaelH\EMBEDDED"/>
    <property name="file.separator" value="\"/>
    <property name="java.vendor.url.bug" value="http://bugreport.sun.com/bugreport/"/>
    <property name="sun.cpu.endian" value="little"/>
    <property name="sun.io.unicode.encoding" value="UnicodeLittle"/>
    <property name="sun.desktop" value="windows"/>
    <property name="sun.cpu.isalist" value="amd64"/>
  </properties>
  <testcase name="Cbrt_50 on Cbrt_50(Borde.Funka.TestCase)" classname="Borde.Funka.TestCase" time="0.044"/>
  <testcase name="sqrt_50 on sqrt_50(Borde.Funka.TestCase)" classname="Borde.Funka.TestCase" time="0.036"/>
  <testcase name="sub50_zero on sub50_zero(Borde.Funka.TestCase)" classname="Borde.Funka.TestCase" time="0.021"/>
  <testcase name="addi50_zero on addi50_zero(Borde.Funka.TestCase)" classname="Borde.Funka.TestCase" time="0.038"/>
  <testcase name="addi50 on addi50(Borde.Funka.TestCase)" classname="Borde.Funka.TestCase" time="0.017"/>
  <testcase name="cos_50 on cos_50(Borde.Funka.TestCase)" classname="Borde.Funka.TestCase" time="0.022"/>
  <testcase name="cosNeg_50 on cosNeg_50(Borde.Funka.TestCase)" classname="Borde.Funka.TestCase" time="0.01"/>
  <testcase name="cos50_zero on cos50_zero(Borde.Funka.TestCase)" classname="Borde.Funka.TestCase" time="0.016"/>
  <testcase name="sin_50 on sin_50(Borde.Funka.TestCase)" classname="Borde.Funka.TestCase" time="0.024"/>
  <testcase name="tan_50 on tan_50(Borde.Funka.TestCase)" classname="Borde.Funka.TestCase" time="0.015"/>
  <testcase name="tan50_zero on tan50_zero(Borde.Funka.TestCase)" classname="Borde.Funka.TestCase" time="0.053"/>
  <testcase name="tanNeg_50 on tanNeg_50(Borde.Funka.TestCase)" classname="Borde.Funka.TestCase" time="0.03"/>
  <testcase name="Cbrt50_zero on Cbrt50_zero(Borde.Funka.TestCase)" classname="Borde.Funka.TestCase" time="0.002"/>
  <testcase name="mul50_zero on mul50_zero(Borde.Funka.TestCase)" classname="Borde.Funka.TestCase" time="0.006"/>
  <testcase name="sqrtNeg_50 on sqrtNeg_50(Borde.Funka.TestCase)" classname="Borde.Funka.TestCase" time="0.007"/>
  <testcase name="div50_divide_by_zero on div50_divide_by_zero(Borde.Funka.TestCase)" classname="Borde.Funka.TestCase" time="0.006"/>
  <testcase name="PI_50 on PI_50(Borde.Funka.TestCase)" classname="Borde.Funka.TestCase" time="0.006"/>
  <testcase name="div50 on div50(Borde.Funka.TestCase)" classname="Borde.Funka.TestCase" time="0.006"/>
  <testcase name="mul50 on mul50(Borde.Funka.TestCase)" classname="Borde.Funka.TestCase" time="0.006"/>
  <testcase name="sub50 on sub50(Borde.Funka.TestCase)" classname="Borde.Funka.TestCase" time="0.005"/>
  <testcase name="PINeg_50 on PINeg_50(Borde.Funka.TestCase)" classname="Borde.Funka.TestCase" time="0.006"/>
  <testcase name="sqrt50_zero on sqrt50_zero(Borde.Funka.TestCase)" classname="Borde.Funka.TestCase" time="0.008"/>
  <testcase name="PI50_zero on PI50_zero(Borde.Funka.TestCase)" classname="Borde.Funka.TestCase" time="0.006"/>
  <testcase name="sub50_negative on sub50_negative(Borde.Funka.TestCase)" classname="Borde.Funka.TestCase" time="0.007"/>
  <testcase name="mul50_negative on mul50_negative(Borde.Funka.TestCase)" classname="Borde.Funka.TestCase" time="0.006"/>
  <testcase name="div50_zero on div50_zero(Borde.Funka.TestCase)" classname="Borde.Funka.TestCase" time="0.008"/>
  <testcase name="CbrtNeg_50 on CbrtNeg_50(Borde.Funka.TestCase)" classname="Borde.Funka.TestCase" time="0.008"/>
  <testcase name="addi50_negative on addi50_negative(Borde.Funka.TestCase)" classname="Borde.Funka.TestCase" time="0.014"/>
  <testcase name="div50_negative on div50_negative(Borde.Funka.TestCase)" classname="Borde.Funka.TestCase" time="0.007"/>
  <testcase name="sin50_zero on sin50_zero(Borde.Funka.TestCase)" classname="Borde.Funka.TestCase" time="0.002"/>
  <testcase name="sinNeg_50 on sinNeg_50(Borde.Funka.TestCase)" classname="Borde.Funka.TestCase" time="0.005"/>
</testsuite>