<?xml version="1.0" encoding="UTF-8"?>
<!-- Generated by org.testng.reporters.JUnitReportReporter -->
<testsuite hostname="LAPTOP-A29HKFCG" name="Borde.Funka.TestCase" tests="31" failures="0" timestamp="17 Dec 2018 11:58:53 GMT" time="0.447" errors="0">
  <testcase name="cos50_zero" time="0.016" classname="Borde.Funka.TestCase"/>
  <testcase name="PINeg_50" time="0.006" classname="Borde.Funka.TestCase"/>
  <testcase name="sin_50" time="0.024" classname="Borde.Funka.TestCase"/>
  <testcase name="PI_50" time="0.006" classname="Borde.Funka.TestCase"/>
  <testcase name="sqrt50_zero" time="0.008" classname="Borde.Funka.TestCase"/>
  <testcase name="cosNeg_50" time="0.011" classname="Borde.Funka.TestCase"/>
  <testcase name="sub50_zero" time="0.022" classname="Borde.Funka.TestCase"/>
  <testcase name="CbrtNeg_50" time="0.008" classname="Borde.Funka.TestCase"/>
  <testcase name="sub50" time="0.005" classname="Borde.Funka.TestCase"/>
  <testcase name="cos_50" time="0.022" classname="Borde.Funka.TestCase"/>
  <testcase name="sinNeg_50" time="0.005" classname="Borde.Funka.TestCase"/>
  <testcase name="div50" time="0.006" classname="Borde.Funka.TestCase"/>
  <testcase name="Cbrt50_zero" time="0.007" classname="Borde.Funka.TestCase"/>
  <testcase name="mul50" time="0.006" classname="Borde.Funka.TestCase"/>
  <testcase name="sqrt_50" time="0.036" classname="Borde.Funka.TestCase"/>
  <testcase name="div50_divide_by_zero" time="0.052" classname="Borde.Funka.TestCase"/>
  <testcase name="addi50" time="0.017" classname="Borde.Funka.TestCase"/>
  <testcase name="sin50_zero" time="0.006" classname="Borde.Funka.TestCase"/>
  <testcase name="tan50_zero" time="0.014" classname="Borde.Funka.TestCase"/>
  <testcase name="mul50_zero" time="0.007" classname="Borde.Funka.TestCase"/>
  <testcase name="mul50_negative" time="0.006" classname="Borde.Funka.TestCase"/>
  <testcase name="sqrtNeg_50" time="0.012" classname="Borde.Funka.TestCase"/>
  <testcase name="tan_50" time="0.015" classname="Borde.Funka.TestCase"/>
  <testcase name="PI50_zero" time="0.006" classname="Borde.Funka.TestCase"/>
  <testcase name="div50_zero" time="0.008" classname="Borde.Funka.TestCase"/>
  <testcase name="Cbrt_50" time="0.047" classname="Borde.Funka.TestCase"/>
  <testcase name="div50_negative" time="0.009" classname="Borde.Funka.TestCase"/>
  <testcase name="addi50_negative" time="0.009" classname="Borde.Funka.TestCase"/>
  <testcase name="sub50_negative" time="0.007" classname="Borde.Funka.TestCase"/>
  <testcase name="addi50_zero" time="0.038" classname="Borde.Funka.TestCase"/>
  <testcase name="tanNeg_50" time="0.006" classname="Borde.Funka.TestCase"/>
</testsuite> <!-- Borde.Funka.TestCase -->
