<?xml version="1.0" encoding="UTF-8"?>
<!-- Generated by org.testng.reporters.JUnitReportReporter -->
<testsuite hostname="LAPTOP-A29HKFCG" name="Borde.Funka.TestCase" tests="14" failures="0" timestamp="14 Dec 2018 19:38:14 GMT" time="0.251" errors="0">
  <testcase name="div50_zero" time="0.006" classname="Borde.Funka.TestCase"/>
  <testcase name="addi50" time="0.030" classname="Borde.Funka.TestCase"/>
  <testcase name="div50" time="0.017" classname="Borde.Funka.TestCase"/>
  <testcase name="sub50_negative" time="0.005" classname="Borde.Funka.TestCase"/>
  <testcase name="div50_negative" time="0.004" classname="Borde.Funka.TestCase"/>
  <testcase name="mul50" time="0.011" classname="Borde.Funka.TestCase"/>
  <testcase name="addi50_zero" time="0.016" classname="Borde.Funka.TestCase"/>
  <testcase name="sub50" time="0.014" classname="Borde.Funka.TestCase"/>
  <testcase name="addi50_negative" time="0.006" classname="Borde.Funka.TestCase"/>
  <testcase name="div50_cos" time="0.007" classname="Borde.Funka.TestCase"/>
  <testcase name="div50_divide_by_zero" time="0.025" classname="Borde.Funka.TestCase"/>
  <testcase name="mul50_zero" time="0.019" classname="Borde.Funka.TestCase"/>
  <testcase name="sub50_zero" time="0.080" classname="Borde.Funka.TestCase"/>
  <testcase name="mul50_negative" time="0.011" classname="Borde.Funka.TestCase"/>
</testsuite> <!-- Borde.Funka.TestCase -->
